WARNING:django.request:Not Found: /assets/favicon.ico
WARNING:django.request:Not Found: /category/smartphones/assets/favicon.ico
WARNING:django.request:Not Found: /category/smartphones/assets/favicon.ico
WARNING:django.request:Not Found: /category/notebooks/assets/favicon.ico
WARNING:django.request:Not Found: /category/notebooks/assets/favicon.ico
WARNING:django.request:Not Found: /category/notebooks/assets/favicon.ico
WARNING:django.request:Not Found: /category/smartphones/assets/favicon.ico
WARNING:django.request:Not Found: /assets/favicon.ico
WARNING:django.request:Not Found: /assets/favicon.ico
WARNING:django.request:Not Found: /profile/assets/favicon.ico
WARNING:django.request:Not Found: /profile/assets/favicon.ico
WARNING:django.request:Not Found: /category/smartphones/assets/favicon.ico
WARNING:django.request:Not Found: /assets/favicon.ico
WARNING:django.request:Not Found: /registration/assets/favicon.ico
INFO:root:thread has already finished.
WARNING:django.request:Not Found: /assets/favicon.ico
WARNING:django.request:Not Found: /assets/favicon.ico
WARNING:django.request:Not Found: /registration/assets/favicon.ico
WARNING:django.request:Not Found: /registration/assets/favicon.ico
WARNING:django.request:Not Found: /login/assets/favicon.ico
WARNING:django.request:Not Found: /assets/favicon.ico
WARNING:django.request:Not Found: /assets/favicon.ico
WARNING:django.request:Not Found: /assets/favicon.ico
WARNING:django.request:Not Found: /assets/favicon.ico
WARNING:django.request:Not Found: /assets/favicon.ico
WARNING:django.request:Not Found: /assets/favicon.ico
WARNING:django.request:Not Found: /products/notebook/macboocprom1/assets/favicon.ico
WARNING:django.request:Not Found: /products/notebook/macboocprom1/assets/favicon.ico
WARNING:django.request:Not Found: /assets/favicon.ico
WARNING:django.request:Not Found: /products/smartphone/iphone11/assets/favicon.ico
WARNING:django.request:Not Found: /products/smartphone/iphone11/assets/favicon.ico
WARNING:django.request:Not Found: /assets/favicon.ico
WARNING:django.request:Not Found: /cart/assets/favicon.ico
WARNING:django.request:Not Found: /cart/assets/favicon.ico
INFO:root:thread has already finished.
INFO:root:Amount changed successfully
WARNING:django.request:Not Found: /cart/assets/favicon.ico
WARNING:django.request:Not Found: /assets/favicon.ico
WARNING:django.request:Not Found: /cart/assets/favicon.ico
WARNING:django.request:Not Found: /checkout/assets/favicon.ico
WARNING:django.request:Not Found: /checkout/assets/favicon.ico
WARNING:django.request:Not Found: /assets/favicon.ico
WARNING:django.request:Not Found: /category/notebooks/assets/favicon.ico
WARNING:django.request:Not Found: /category/smartphones/assets/favicon.ico
